<?xml version="1.0" encoding="UTF-8"?>
<!-- Generated by org.testng.reporters.JUnitReportReporter -->
<testsuite hostname="TYSS-Haripriya-Kulkarni" failures="0" tests="3" name="TestNG.CrossbrowserTest" time="34.159" errors="0" timestamp="2023-12-12T12:37:47 IST" skipped="0">
  <testcase classname="TestNG.CrossbrowserTest" name="demo" time="15.627"/>
  <system-out/>
  <testcase classname="TestNG.CrossbrowserTest" name="demo" time="8.022"/>
  <system-out/>
  <testcase classname="TestNG.CrossbrowserTest" name="demo" time="10.510"/>
  <system-out/>
</testsuite> <!-- TestNG.CrossbrowserTest -->
