<?xml version="1.0" encoding="UTF-8"?>
<!-- Generated by org.testng.reporters.JUnitReportReporter -->
<testsuite hostname="TYSS-Haripriya-Kulkarni" failures="0" tests="6" name="TestNG.annotationattribute" time="33.763" errors="0" timestamp="2023-12-11T12:04:08 IST" skipped="1">
  <testcase classname="TestNG.annotationattribute" name="login" time="7.270"/>
  <system-out>
    <![CDATA[Loginsuccessful]]>
  </system-out>
  <testcase classname="TestNG.annotationattribute" name="login" time="6.499"/>
  <system-out>
    <![CDATA[Loginsuccessful]]>
  </system-out>
  <testcase classname="TestNG.annotationattribute" name="login" time="6.189"/>
  <system-out>
    <![CDATA[Loginsuccessful]]>
  </system-out>
  <testcase classname="TestNG.annotationattribute" name="login" time="6.419"/>
  <system-out>
    <![CDATA[Loginsuccessful]]>
  </system-out>
  <testcase classname="TestNG.annotationattribute" name="login" time="7.386"/>
  <system-out>
    <![CDATA[Loginsuccessful]]>
  </system-out>
  <testcase classname="TestNG.annotationattribute" name="register">
    <skipped/>
  </testcase> <!-- register -->
  <system-out/>
</testsuite> <!-- TestNG.annotationattribute -->
