<?xml version="1.0" encoding="UTF-8"?>
<!-- Generated by org.testng.reporters.JUnitReportReporter -->
<testsuite hostname="TYSS-Haripriya-Kulkarni" failures="0" tests="1" name="TestNG.ConfiguartionAnnotation" time="0.003" errors="0" timestamp="2023-12-11T12:40:21 IST" skipped="0">
  <testcase classname="TestNG.ConfiguartionAnnotation" name="demoTest" time="0.003"/>
  <system-out>
    <![CDATA[Demo execution]]>
  </system-out>
</testsuite> <!-- TestNG.ConfiguartionAnnotation -->
