<?xml version="1.0" encoding="UTF-8"?>
<!-- Generated by org.testng.reporters.JUnitReportReporter -->
<testsuite hostname="TYSS-Haripriya-Kulkarni" failures="0" tests="2" name="DataProvider.LoginTC" time="14.534" errors="0" timestamp="2023-12-12T10:05:29 IST" skipped="0">
  <testcase classname="DataProvider.LoginTC" name="Login" time="9.072"/>
  <system-out/>
  <testcase classname="DataProvider.LoginTC" name="Login" time="5.462"/>
  <system-out/>
</testsuite> <!-- DataProvider.LoginTC -->
