<?xml version="1.0" encoding="UTF-8"?>
<!-- Generated by org.testng.reporters.JUnitReportReporter -->
<testsuite hostname="TYSS-Haripriya-Kulkarni" failures="0" tests="2" name="TestNG.Demo" time="0.008" errors="0" timestamp="2023-12-11T12:04:08 IST" skipped="0">
  <testcase classname="TestNG.Demo" name="sample" time="0.001"/>
  <system-out>
    <![CDATA[TestNg Class]]>
  </system-out>
  <testcase classname="TestNG.Demo" name="Test" time="0.007"/>
  <system-out>
    <![CDATA[Test]]>
  </system-out>
</testsuite> <!-- TestNG.Demo -->
