<?xml version="1.0" encoding="UTF-8"?>
<!-- Generated by org.testng.reporters.JUnitReportReporter -->
<testsuite hostname="TYSS-Haripriya-Kulkarni" failures="0" tests="1" name="TestNG.amazon" time="3.322" errors="0" timestamp="2023-12-11T12:08:18 IST" skipped="0">
  <testcase classname="TestNG.amazon" name="navigateApple" time="3.322"/>
  <system-out>
    <![CDATA[Launched]]>
  </system-out>
</testsuite> <!-- TestNG.amazon -->
