<?xml version="1.0" encoding="UTF-8"?>
<!-- Generated by org.testng.reporters.JUnitReportReporter -->
<testsuite hostname="TYSS-Haripriya-Kulkarni" failures="0" tests="1" name="TestNG.apple" time="3.334" errors="0" timestamp="2023-12-11T12:04:08 IST" skipped="0">
  <testcase classname="TestNG.apple" name="navigateApple" time="3.334"/>
  <system-out>
    <![CDATA[Launched]]>
  </system-out>
</testsuite> <!-- TestNG.apple -->
